<?xml version="1.0" encoding="UTF-8"?>
<testng-results skipped="0" failed="0" ignored="0" total="2" passed="2">
  <reporter-output>
  </reporter-output>
  <suite name="Default suite" duration-ms="10801" started-at="2019-09-02T19:33:06 IST" finished-at="2019-09-02T19:33:17 IST">
    <groups>
    </groups>
    <test name="Default test" duration-ms="10801" started-at="2019-09-02T19:33:06 IST" finished-at="2019-09-02T19:33:17 IST">
      <class name="com.OHRM.testcases.LoginTest">
        <test-method status="PASS" signature="browser_setup()[pri:0, instance:com.OHRM.testcases.LoginTest@4e41089d]" name="browser_setup" is-config="true" duration-ms="8435" started-at="2019-09-02T19:33:06 IST" finished-at="2019-09-02T19:33:15 IST">
          <reporter-output>
          </reporter-output>
        </test-method> <!-- browser_setup -->
        <test-method status="PASS" signature="OHRMlogin_test()[pri:1, instance:com.OHRM.testcases.LoginTest@4e41089d]" name="OHRMlogin_test" duration-ms="2036" started-at="2019-09-02T19:33:15 IST" finished-at="2019-09-02T19:33:17 IST">
          <reporter-output>
          </reporter-output>
        </test-method> <!-- OHRMlogin_test -->
        <test-method status="PASS" signature="OHRM_Homepage_test()[pri:2, instance:com.OHRM.testcases.LoginTest@4e41089d]" name="OHRM_Homepage_test" duration-ms="18" started-at="2019-09-02T19:33:17 IST" finished-at="2019-09-02T19:33:17 IST">
          <reporter-output>
          </reporter-output>
        </test-method> <!-- OHRM_Homepage_test -->
        <test-method status="PASS" signature="afterTest()[pri:0, instance:com.OHRM.testcases.LoginTest@4e41089d]" name="afterTest" is-config="true" duration-ms="267" started-at="2019-09-02T19:33:17 IST" finished-at="2019-09-02T19:33:17 IST">
          <reporter-output>
          </reporter-output>
        </test-method> <!-- afterTest -->
      </class> <!-- com.OHRM.testcases.LoginTest -->
    </test> <!-- Default test -->
  </suite> <!-- Default suite -->
</testng-results>
